#
# A fatal error has been detected by the Java Runtime Environment:
#
#  Internal Error (virtualspace.cpp:125), pid=5404, tid=7408
#  fatal error: os::release_memory failed
#
# JRE version:  (7.0_80-b15) (build )
# Java VM: Java HotSpot(TM) Client VM (24.80-b11 mixed mode windows-x86 )
# Failed to write core dump. Minidumps are not enabled by default on client versions of Windows
#
# If you would like to submit a bug report, please visit:
#   http://bugreport.java.com/bugreport/crash.jsp
#

---------------  T H R E A D  ---------------

Current thread (0x0118c400):  JavaThread "Unknown thread" [_thread_in_vm, id=7408, stack(0x01730000,0x01780000)]

Stack: [0x01730000,0x01780000],  sp=0x0177f1c8,  free space=316k
Native frames: (J=compiled Java code, j=interpreted, Vv=VM code, C=native code)
V  [jvm.dll+0x192384]
V  [jvm.dll+0x18b9f6]
V  [jvm.dll+0x1678ec]
V  [jvm.dll+0x167dab]
V  [jvm.dll+0x8ad36]
V  [jvm.dll+0x88776]
V  [jvm.dll+0x8748e]
V  [jvm.dll+0x919d3]
V  [jvm.dll+0x141324]
V  [jvm.dll+0x163e1c]
V  [jvm.dll+0xcaaaf]
C  [jli.dll+0x12eb]
C  [jli.dll+0x1d5d]
C  [jli.dll+0xc0d2]
C  [jli.dll+0xc15c]
C  [kernel32.dll+0x51174]
C  [ntdll.dll+0x5b3f5]
C  [ntdll.dll+0x5b3c8]


---------------  P R O C E S S  ---------------

Java Threads: ( => current thread )

Other Threads:

=>0x0118c400 (exited) JavaThread "Unknown thread" [_thread_in_vm, id=7408, stack(0x01730000,0x01780000)]

VM state:not at safepoint (not fully initialized)

VM Mutex/Monitor currently owned by a thread: None

GC Heap History (0 events):
No events

Deoptimization events (0 events):
No events

Internal exceptions (0 events):
No events

Events (0 events):
No events


Dynamic libraries:
0x012b0000 - 0x012b6000 	C:\Program Files\Java\jdk1.7.0_80\bin\javac.exe
0x77850000 - 0x7798c000 	C:\Windows\SYSTEM32\ntdll.dll
0x75cb0000 - 0x75d84000 	C:\Windows\system32\kernel32.dll
0x75ab0000 - 0x75afa000 	C:\Windows\system32\KERNELBASE.dll
0x6e1f0000 - 0x6e22c000 	C:\Program Files\AVAST Software\Avast\snxhk.dll
0x6eff0000 - 0x6f017000 	C:\Program Files\Java\jdk1.7.0_80\bin\jli.dll
0x776e0000 - 0x77780000 	C:\Windows\system32\ADVAPI32.dll
0x779d0000 - 0x77a7c000 	C:\Windows\system32\msvcrt.dll
0x76f90000 - 0x76fa9000 	C:\Windows\SYSTEM32\sechost.dll
0x75f80000 - 0x76021000 	C:\Windows\system32\RPCRT4.dll
0x74930000 - 0x74ace000 	C:\Windows\WinSxS\x86_microsoft.windows.common-controls_6595b64144ccf1df_6.0.7600.16385_none_421189da2b7fabfc\COMCTL32.dll
0x76f40000 - 0x76f8e000 	C:\Windows\system32\GDI32.dll
0x761d0000 - 0x76299000 	C:\Windows\system32\USER32.dll
0x772a0000 - 0x772aa000 	C:\Windows\system32\LPK.dll
0x75ee0000 - 0x75f7d000 	C:\Windows\system32\USP10.dll
0x76030000 - 0x76087000 	C:\Windows\system32\SHLWAPI.dll
0x58970000 - 0x58a2f000 	C:\Program Files\Java\jdk1.7.0_80\bin\MSVCR100.dll
0x76120000 - 0x7613f000 	C:\Windows\system32\IMM32.DLL
0x77780000 - 0x7784c000 	C:\Windows\system32\MSCTF.dll
0x59810000 - 0x598cf000 	C:\Program Files\Java\jdk1.7.0_80\jre\bin\msvcr100.dll
0x58ee0000 - 0x5926b000 	C:\Program Files\Java\jdk1.7.0_80\jre\bin\client\jvm.dll
0x719d0000 - 0x719d7000 	C:\Windows\system32\WSOCK32.dll
0x77990000 - 0x779c5000 	C:\Windows\system32\WS2_32.dll
0x76fb0000 - 0x76fb6000 	C:\Windows\system32\NSI.dll
0x73d50000 - 0x73d82000 	C:\Windows\system32\WINMM.dll
0x75ed0000 - 0x75ed5000 	C:\Windows\system32\PSAPI.DLL
0x734c0000 - 0x734cc000 	C:\Program Files\Java\jdk1.7.0_80\jre\bin\verify.dll
0x597e0000 - 0x59801000 	C:\Program Files\Java\jdk1.7.0_80\jre\bin\java.dll
0x5e140000 - 0x5e153000 	C:\Program Files\Java\jdk1.7.0_80\jre\bin\zip.dll
0x718d0000 - 0x719bb000 	C:\Windows\system32\dbghelp.dll

VM Arguments:
jvm_args: -Dapplication.home=C:\Program Files\Java\jdk1.7.0_80 -Xms8m 
java_command: com.sun.tools.javac.Main -d E:\KULIAH\TINGKAT 2\SEMESTER 4\New folder\TUBES PBO\CODINGAN\TugasBesar-Kelompok6-IF-38-01\tour_and_travel\build\classes -classpath E:\KULIAH\TINGKAT 2\SEMESTER 4\New folder\TUBES PBO\CODINGAN\TugasBesar-Kelompok6-IF-38-01\tour_and_travel\build\classes;C:\Program Files\NetBeans 8.1\ide\modules\ext\mysql-connector-java-5.1.23-bin.jar -sourcepath E:\KULIAH\TINGKAT 2\SEMESTER 4\New folder\TUBES PBO\CODINGAN\TugasBesar-Kelompok6-IF-38-01\tour_and_travel\src -target 1.7 -encoding UTF-8 -g -processorpath C:\Program Files\NetBeans 8.1\ide\modules\ext\mysql-connector-java-5.1.23-bin.jar;E:\KULIAH\TINGKAT 2\SEMESTER 4\New folder\TUBES PBO\CODINGAN\TugasBesar-Kelompok6-IF-38-01\tour_and_travel\build\empty -s E:\KULIAH\TINGKAT 2\SEMESTER 4\New folder\TUBES PBO\CODINGAN\TugasBesar-Kelompok6-IF-38-01\tour_and_travel\build\generated-sources\ap-source-output -source 1.7 E:\KULIAH\TINGKAT 2\SEMESTER 4\New folder\TUBES PBO\CODINGAN\TugasBesar-Kelompok6-IF-38-01\tour_and_travel\src\gui\PilihPaket.java
Launcher Type: SUN_STANDARD

Environment Variables:
PATH=C:\oraclexe\app\oracle\product\10.2.0\server\bin;C:\ProgramData\Oracle\Java\javapath;C:\Windows\system32;C:\Windows;C:\Windows\System32\Wbem;C:\Windows\System32\WindowsPowerShell\v1.0\;C:\FPC\2.6.4\bin\i386-Win32;C:\Program Files\Java\jdk1.7.0_80\bin
USERNAME=Ferawidya
OS=Windows_NT
PROCESSOR_IDENTIFIER=x86 Family 6 Model 23 Stepping 10, GenuineIntel



---------------  S Y S T E M  ---------------

OS: Windows 7 Build 7600 

CPU:total 2 (2 cores per cpu, 1 threads per core) family 6 model 23 stepping 10, cmov, cx8, fxsr, mmx, sse, sse2, sse3, ssse3, tsc

Memory: 4k page, physical 975800k(179072k free), swap 2698188k(409272k free)

vm_info: Java HotSpot(TM) Client VM (24.80-b11) for windows-x86 JRE (1.7.0_80-b15), built on Apr 10 2015 13:33:35 by "java_re" with unknown MS VC++:1600

time: Sun Apr 17 18:04:07 2016
elapsed time: 15 seconds

